-------------------------------------------------------------------------------
Test set: com.bandsmile.crud.CrudApplicationTests
-------------------------------------------------------------------------------
Tests run: 1, Failures: 0, Errors: 1, Skipped: 0, Time elapsed: 5.753 s <<< FAILURE! - in com.bandsmile.crud.CrudApplicationTests
contextLoads  Time elapsed: 0.014 s  <<< ERROR!
java.lang.IllegalStateException: Failed to load ApplicationContext
Caused by: org.springframework.beans.factory.UnsatisfiedDependencyException: Error creating bean with name 'factureController': Unsatisfied dependency expressed through field 'factureService'; nested exception is org.springframework.beans.factory.UnsatisfiedDependencyException: Error creating bean with name 'factureService': Unsatisfied dependency expressed through field 'factureRepository'; nested exception is org.springframework.beans.factory.BeanCreationException: Error creating bean with name 'factureRepository' defined in com.bandsmile.crud.repository.FactureRepository defined in @EnableJpaRepositories declared on JpaRepositoriesRegistrar.EnableJpaRepositoriesConfiguration: Invocation of init method failed; nested exception is java.lang.IllegalArgumentException: Not a managed type: class com.bandsmile.crud.model.Facture
Caused by: org.springframework.beans.factory.UnsatisfiedDependencyException: Error creating bean with name 'factureService': Unsatisfied dependency expressed through field 'factureRepository'; nested exception is org.springframework.beans.factory.BeanCreationException: Error creating bean with name 'factureRepository' defined in com.bandsmile.crud.repository.FactureRepository defined in @EnableJpaRepositories declared on JpaRepositoriesRegistrar.EnableJpaRepositoriesConfiguration: Invocation of init method failed; nested exception is java.lang.IllegalArgumentException: Not a managed type: class com.bandsmile.crud.model.Facture
Caused by: org.springframework.beans.factory.BeanCreationException: Error creating bean with name 'factureRepository' defined in com.bandsmile.crud.repository.FactureRepository defined in @EnableJpaRepositories declared on JpaRepositoriesRegistrar.EnableJpaRepositoriesConfiguration: Invocation of init method failed; nested exception is java.lang.IllegalArgumentException: Not a managed type: class com.bandsmile.crud.model.Facture
Caused by: java.lang.IllegalArgumentException: Not a managed type: class com.bandsmile.crud.model.Facture

